<?xml version="1.0" encoding="UTF-8"?>
<!-- Generated by org.testng.reporters.JUnitXMLReporter -->
<testsuite ignored="0" hostname="priyans-MacBook-Air.local" failures="0" tests="3" name="Default test" time="0.114" errors="0" timestamp="2021-08-19T11:50:25 IST">
  <testcase classname="testNg.Listenersmethod" name="studentdetail" time="0.011"/>
  <testcase classname="testNg.Listenersmethod" name="studentdetail" time="0.002"/>
  <testcase classname="testNg.Listenersmethod" name="studentdetail" time="0.001"/>
</testsuite> <!-- Default test -->
